0 info it worked if it ends with ok
1 verbose cli [ '/usr/local/bin/node', '/usr/local/bin/npm', 'publish' ]
2 info using npm@3.3.12
3 info using node@v5.1.0
4 verbose publish [ '.' ]
5 silly cache add args [ '.', null ]
6 verbose cache add spec .
7 silly cache add parsed spec Result {
7 silly cache add   raw: '.',
7 silly cache add   scope: null,
7 silly cache add   name: null,
7 silly cache add   rawSpec: '.',
7 silly cache add   spec: '/Users/joseantoniosanchez/Documents/Toni/Projects/Open Source/sails-eslint',
7 silly cache add   type: 'directory' }
8 verbose addLocalDirectory /Users/joseantoniosanchez/.npm/sails-eslint/1.0.3/package.tgz not in flight; packing
9 info lifecycle sails-eslint@1.0.3~prepublish: sails-eslint@1.0.3
10 silly lifecycle sails-eslint@1.0.3~prepublish: no script for prepublish, continuing
11 verbose tar pack [ '/Users/joseantoniosanchez/.npm/sails-eslint/1.0.3/package.tgz',
11 verbose tar pack   '/Users/joseantoniosanchez/Documents/Toni/Projects/Open Source/sails-eslint' ]
12 verbose tarball /Users/joseantoniosanchez/.npm/sails-eslint/1.0.3/package.tgz
13 verbose folder /Users/joseantoniosanchez/Documents/Toni/Projects/Open Source/sails-eslint
14 verbose addLocalTarball adding from inside cache /Users/joseantoniosanchez/.npm/sails-eslint/1.0.3/package.tgz
15 silly cache afterAdd sails-eslint@1.0.3
16 verbose afterAdd /Users/joseantoniosanchez/.npm/sails-eslint/1.0.3/package/package.json not in flight; writing
17 verbose afterAdd /Users/joseantoniosanchez/.npm/sails-eslint/1.0.3/package/package.json written
18 silly publish { name: 'sails-eslint',
18 silly publish   version: '1.0.3',
18 silly publish   description: 'Add eslint linting utility to Sails JS',
18 silly publish   main: 'index.js',
18 silly publish   directories: { test: 'tests' },
18 silly publish   scripts: { test: 'node tests/runner.js' },
18 silly publish   repository:
18 silly publish    { type: 'git',
18 silly publish      url: 'git+https://github.com/jasancheg/sails-eslint.git' },
18 silly publish   keywords: [ 'sails', 'hook', 'eslint', 'jshint', 'linting', 'sails-hook' ],
18 silly publish   author:
18 silly publish    { name: 'Jose Antonio Sanchez',
18 silly publish      email: 'jasancheg@gmail.com',
18 silly publish      url: 'http://inideaweb.com/' },
18 silly publish   license: 'MIT',
18 silly publish   bugs: { url: 'https://github.com/jasancheg/sails-eslint/issues' },
18 silly publish   homepage: 'https://github.com/jasancheg/sails-eslint',
18 silly publish   dependencies:
18 silly publish    { glob: '^7.0.3',
18 silly publish      chalk: '^1.1.3',
18 silly publish      chokidar: '^1.5.1',
18 silly publish      eslint: '^2.10.2',
18 silly publish      'eslint-formatter-pretty': '^0.2.2' },
18 silly publish   devDependencies: { mocha: '^2.4.5', 'mocha-eslint': '^2.0.2', sails: '^0.12.3' },
18 silly publish   sails: { isHook: true },
18 silly publish   readme: '# sails-eslint\n[![npm version](https://badge.fury.io/js/sails-eslint.svg)](https://npmjs.org/package/sails-eslint) [![Dependency Status](https://img.shields.io/david/jasancheg/sails-eslint.svg?style=flat)](https://david-dm.org/jasancheg/sails-eslint)\n\n[Sails JS](http://sailsjs.org) hook to activate [ESLint](http://eslint.org/) in your sails app.\n\n\nHere is how eslint log looks like ([sample](https://github.com/jasancheg/sails-eslint/blob/master/assets/pic.png)):\n\n![](https://raw.githubusercontent.com/jasancheg/sails-eslint/master/assets/pic.png)\n\n### Installation\n\n`npm install sails-eslint`\n\n### Usage\n*requires at least sails >= 0.11*\n\nMake sure you have a [.eslintrc](http://eslint.org/docs/user-guide/configuring) in your root folder. Then just lift your app as normal, and enjoy the power of linting. For an example of an `.eslintrc` file see: https://github.com/jasancheg/sails-eslint/blob/master/.eslintrc\n\n### Configuration\n\nBy default, configuration lives in `sails.config.eslint`.  The configuration key (`eslint`) can be changed by setting `sails.config.hooks[\'sails-eslint\'].configKey`.\n\nParameter      | Type                | Details\n-------------- | ------------------- |:---------------------------------\nactive       | ((boolean)) | Whether or not sails should lint your JS code.  Defaults to `true`.\nformatter   | ((string)) | Which formatter to use.  Defaults to [`\'eslint-formatter-pretty\'`](https://github.com/sindresorhus/eslint-formatter-pretty).\nusePolling    | ((boolean)) | Whether or not to use the polling feature. Slower but necessary for certain environments. Defaults to `false`.\ndirs          | ((array)) | Array of strings indicating Which folders or glob patterns to lint and watch.  Defaults to `[path.resolve(sails.config.appPath, \'api\'), path.resolve(sails.config.appPath, \'config\')]`.\nignored       | ((array\\|string\\|regexp\\|function)) |  Files and/or directories to be ignored. Pass a string to be directly matched, string with glob patterns, regular expression test, function that takes the testString as an argument and returns a truthy value if it should be matched, or an array of any number and mix of these types. For more examples look up [anymatch docs](https://github.com/es128/anymatch).\n\n\n#### Example (only if you want to change the default configuration!!)\n\n```javascript\n// [your-sails-app]/config/eslint.js\nmodule.exports.eslint = {\n  active: true,\n  usePolling: false,\n  formatter: \'stylish\',\n  dirs: [\n    "api",\n    "config"\n  ],\n  ignored: [\n    "api/policies"\n  ]\n};\n\n```\n\nThat&rsquo;s it!\n\n\n## License\n\nMIT © [Jose Antonio Sanchez](https://github.com/jasancheg/sails-eslint/blob/master/LICENSE)\n',
18 silly publish   readmeFilename: 'README.md',
18 silly publish   gitHead: 'ea851c899d51ce7ff633e81a9d3a65c793323c71',
18 silly publish   _id: 'sails-eslint@1.0.3',
18 silly publish   _shasum: 'e75058fb39ad59b787df7a071ae64031ea2c74c4',
18 silly publish   _from: '.' }
19 verbose getPublishConfig undefined
20 silly mapToRegistry name sails-eslint
21 silly mapToRegistry using default registry
22 silly mapToRegistry registry https://registry.npmjs.org/
23 silly mapToRegistry uri https://registry.npmjs.org/sails-eslint
24 verbose publish registryBase https://registry.npmjs.org/
25 silly publish uploading /Users/joseantoniosanchez/.npm/sails-eslint/1.0.3/package.tgz
26 verbose request uri https://registry.npmjs.org/sails-eslint
27 verbose request sending authorization for write operation
28 info attempt registry request try #1 at 3:38:33 PM
29 verbose request using bearer token for auth
30 verbose request id 7e3f8c480032e30e
31 http request PUT https://registry.npmjs.org/sails-eslint
32 http 403 https://registry.npmjs.org/sails-eslint
33 verbose headers { 'content-type': 'application/json',
33 verbose headers   'cache-control': 'max-age=300',
33 verbose headers   'content-length': '95',
33 verbose headers   'accept-ranges': 'bytes',
33 verbose headers   date: 'Mon, 30 May 2016 21:38:19 GMT',
33 verbose headers   via: '1.1 varnish',
33 verbose headers   connection: 'keep-alive',
33 verbose headers   'x-served-by': 'cache-jfk1032-JFK',
33 verbose headers   'x-cache': 'MISS',
33 verbose headers   'x-cache-hits': '0',
33 verbose headers   'x-timer': 'S1464644297.235337,VS0,VE2281',
33 verbose headers   vary: 'Accept-Encoding' }
34 verbose request invalidating /Users/joseantoniosanchez/.npm/registry.npmjs.org/sails-eslint on PUT
35 error publish Failed PUT 403
36 verbose stack Error: "You cannot publish over the previously published version 1.0.3." : sails-eslint
36 verbose stack     at makeError (/usr/local/lib/node_modules/npm/node_modules/npm-registry-client/lib/request.js:264:12)
36 verbose stack     at CachingRegistryClient.<anonymous> (/usr/local/lib/node_modules/npm/node_modules/npm-registry-client/lib/request.js:252:14)
36 verbose stack     at Request._callback (/usr/local/lib/node_modules/npm/node_modules/npm-registry-client/lib/request.js:172:14)
36 verbose stack     at Request.self.callback (/usr/local/lib/node_modules/npm/node_modules/request/request.js:198:22)
36 verbose stack     at emitTwo (events.js:87:13)
36 verbose stack     at Request.emit (events.js:172:7)
36 verbose stack     at Request.<anonymous> (/usr/local/lib/node_modules/npm/node_modules/request/request.js:1082:10)
36 verbose stack     at emitOne (events.js:82:20)
36 verbose stack     at Request.emit (events.js:169:7)
36 verbose stack     at IncomingMessage.<anonymous> (/usr/local/lib/node_modules/npm/node_modules/request/request.js:1009:12)
37 verbose statusCode 403
38 verbose pkgid sails-eslint
39 verbose cwd /Users/joseantoniosanchez/Documents/Toni/Projects/Open Source/sails-eslint
40 error Darwin 15.5.0
41 error argv "/usr/local/bin/node" "/usr/local/bin/npm" "publish"
42 error node v5.1.0
43 error npm  v3.3.12
44 error code E403
45 error "You cannot publish over the previously published version 1.0.3." : sails-eslint
46 error If you need help, you may report this error at:
46 error     <https://github.com/npm/npm/issues>
47 verbose exit [ 1, true ]
